app/build/intermediates/manifest_merge_blame_file/release/manifest-merger-blame-release-report.txt
1<?xml version="1.0" encoding="utf-8"?>
2<manifest xmlns:android="http://schemas.android.com/apk/res/android"
3    package="com.aiosleeve.aiosleeve"
4    android:versionCode="9"
5    android:versionName="1.8" >
6
7    <uses-sdk
8        android:minSdkVersion="19"
8-->src\main\AndroidManifest.xml
9        android:targetSdkVersion="32" />
9-->src\main\AndroidManifest.xml
10
11    <uses-permission android:name="android.permission.BLUETOOTH_CONNECT" />
11-->src\main\AndroidManifest.xml:7:5-76
11-->src\main\AndroidManifest.xml:7:22-73
12    <uses-permission android:name="android.permission.INTERNET" />
12-->src\main\AndroidManifest.xml:8:5-67
12-->src\main\AndroidManifest.xml:8:22-64
13    <uses-permission android:name="android.permission.ACCESS_NETWORK_STATE" />
13-->src\main\AndroidManifest.xml:9:5-79
13-->src\main\AndroidManifest.xml:9:22-76
14    <uses-permission android:name="android.permission.BLUETOOTH" />
14-->src\main\AndroidManifest.xml:10:5-68
14-->src\main\AndroidManifest.xml:10:22-65
15    <uses-permission android:name="android.permission.BLUETOOTH_ADMIN" />
15-->src\main\AndroidManifest.xml:11:5-74
15-->src\main\AndroidManifest.xml:11:22-71
16    <uses-permission android:name="android.permission.WAKE_LOCK" />
16-->src\main\AndroidManifest.xml:12:5-68
16-->src\main\AndroidManifest.xml:12:22-65
17    <uses-permission android:name="android.permission.ACCESS_COARSE_LOCATION" />
17-->src\main\AndroidManifest.xml:13:5-81
17-->src\main\AndroidManifest.xml:13:22-78
18    <uses-permission android:name="android.permission.ACCESS_FINE_LOCATION" />
18-->src\main\AndroidManifest.xml:14:5-79
18-->src\main\AndroidManifest.xml:14:22-76
19    <uses-permission android:name="android.permission.WRITE_EXTERNAL_STORAGE" />
19-->src\main\AndroidManifest.xml:15:5-81
19-->src\main\AndroidManifest.xml:15:22-78
20    <uses-permission android:name="android.permission.READ_EXTERNAL_STORAGE" />
20-->src\main\AndroidManifest.xml:16:5-80
20-->src\main\AndroidManifest.xml:16:22-77
21    <uses-permission android:name="android.permission.FOREGROUND_SERVICE" />
21-->src\main\AndroidManifest.xml:17:5-77
21-->src\main\AndroidManifest.xml:17:22-74
22    <uses-permission android:name="com.google.android.finsky.permission.BIND_GET_INSTALL_REFERRER_SERVICE" /> <!-- Include required permissions for Advertising Id -->
22-->[com.google.android.gms:play-services-measurement:20.0.2] AndroidManifest.xml:26:5-110
22-->[com.google.android.gms:play-services-measurement:20.0.2] AndroidManifest.xml:26:22-107
23    <uses-permission android:name="com.google.android.gms.permission.AD_ID" />
23-->[com.google.android.gms:play-services-ads-identifier:18.0.0] AndroidManifest.xml:23:5-79
23-->[com.google.android.gms:play-services-ads-identifier:18.0.0] AndroidManifest.xml:23:22-76
24
25    <application
25-->src\main\AndroidManifest.xml:20:5-149:19
26        android:name="com.aiosleeve.aiosleeve.AIOApplication"
26-->src\main\AndroidManifest.xml:21:9-39
27        android:allowBackup="false"
27-->src\main\AndroidManifest.xml:22:9-36
28        android:appComponentFactory="androidx.core.app.CoreComponentFactory"
28-->[androidx.core:core:1.7.0] AndroidManifest.xml:24:18-86
29        android:hardwareAccelerated="true"
29-->src\main\AndroidManifest.xml:23:9-43
30        android:icon="@drawable/ic_launcher"
30-->src\main\AndroidManifest.xml:24:9-45
31        android:label="@string/app_name"
31-->src\main\AndroidManifest.xml:26:9-41
32        android:largeHeap="true"
32-->src\main\AndroidManifest.xml:27:9-33
33        android:supportsRtl="true"
33-->src\main\AndroidManifest.xml:28:9-35
34        android:theme="@style/AppTheme"
34-->src\main\AndroidManifest.xml:29:9-40
35        android:usesCleartextTraffic="true" >
35-->src\main\AndroidManifest.xml:25:9-44
36        <activity
36-->src\main\AndroidManifest.xml:33:9-35:16
37            android:name="com.aiosleeve.aiosleeve.ActivitySleepModeHistory"
37-->src\main\AndroidManifest.xml:33:19-59
38            android:screenOrientation="portrait" />
38-->src\main\AndroidManifest.xml:34:13-49
39        <activity
39-->src\main\AndroidManifest.xml:36:9-39:53
40            android:name="com.aiosleeve.aiosleeve.ActivityHealthModeHistory"
40-->src\main\AndroidManifest.xml:37:13-54
41            android:screenOrientation="portrait"
41-->src\main\AndroidManifest.xml:38:13-49
42            android:theme="@style/StatusBarWhite" />
42-->src\main\AndroidManifest.xml:39:13-50
43        <activity
43-->src\main\AndroidManifest.xml:40:9-43:53
44            android:name="com.aiosleeve.aiosleeve.ActivityProfile"
44-->src\main\AndroidManifest.xml:41:13-44
45            android:screenOrientation="portrait"
45-->src\main\AndroidManifest.xml:42:13-49
46            android:theme="@style/StatusBarWhite" />
46-->src\main\AndroidManifest.xml:43:13-50
47        <activity
47-->src\main\AndroidManifest.xml:44:9-54:20
48            android:name="com.aiosleeve.aiosleeve.SplashActivity"
48-->src\main\AndroidManifest.xml:45:13-43
49            android:exported="true"
49-->src\main\AndroidManifest.xml:48:13-36
50            android:screenOrientation="portrait"
50-->src\main\AndroidManifest.xml:46:13-49
51            android:theme="@style/AppThemeSplash.AppCompat.Light.NoActionBar.FullScreen" >
51-->src\main\AndroidManifest.xml:47:13-89
52            <intent-filter>
52-->src\main\AndroidManifest.xml:49:13-53:29
53                <action android:name="android.intent.action.MAIN" />
53-->src\main\AndroidManifest.xml:50:17-69
53-->src\main\AndroidManifest.xml:50:25-66
54
55                <category android:name="android.intent.category.LAUNCHER" />
55-->src\main\AndroidManifest.xml:52:17-77
55-->src\main\AndroidManifest.xml:52:27-74
56            </intent-filter>
57        </activity>
58        <activity
58-->src\main\AndroidManifest.xml:55:9-58:53
59            android:name="com.aiosleeve.aiosleeve.fragments.FragmentManageDevice"
59-->src\main\AndroidManifest.xml:56:13-59
60            android:screenOrientation="portrait"
60-->src\main\AndroidManifest.xml:57:13-49
61            android:theme="@style/StatusBarWhite" />
61-->src\main\AndroidManifest.xml:58:13-50
62        <activity
62-->src\main\AndroidManifest.xml:59:9-62:53
63            android:name="com.aiosleeve.aiosleeve.MainActivity"
63-->src\main\AndroidManifest.xml:60:13-41
64            android:screenOrientation="portrait"
64-->src\main\AndroidManifest.xml:61:13-49
65            android:theme="@style/StatusBarWhite" />
65-->src\main\AndroidManifest.xml:62:13-50
66        <activity
66-->src\main\AndroidManifest.xml:63:9-66:53
67            android:name="com.aiosleeve.aiosleeve.ActivityActivityHistory"
67-->src\main\AndroidManifest.xml:64:13-52
68            android:screenOrientation="portrait"
68-->src\main\AndroidManifest.xml:65:13-49
69            android:theme="@style/StatusBarWhite" />
69-->src\main\AndroidManifest.xml:66:13-50
70        <activity
70-->src\main\AndroidManifest.xml:67:9-71:47
71            android:name="com.aiosleeve.aiosleeve.LoginActivity"
71-->src\main\AndroidManifest.xml:68:13-42
72            android:label="@string/activity_login"
72-->src\main\AndroidManifest.xml:69:13-51
73            android:screenOrientation="portrait"
73-->src\main\AndroidManifest.xml:70:13-49
74            android:theme="@style/AppTheme" />
74-->src\main\AndroidManifest.xml:71:13-44
75        <activity
75-->src\main\AndroidManifest.xml:72:9-77:53
76            android:name="com.aiosleeve.aiosleeve.SignupActivity"
76-->src\main\AndroidManifest.xml:73:13-43
77            android:label="@string/activity_signup"
77-->src\main\AndroidManifest.xml:74:13-52
78            android:screenOrientation="portrait"
78-->src\main\AndroidManifest.xml:76:13-49
79            android:theme="@style/StatusBarWhite"
79-->src\main\AndroidManifest.xml:77:13-50
80            android:windowSoftInputMode="adjustResize" />
80-->src\main\AndroidManifest.xml:75:13-55
81        <activity
81-->src\main\AndroidManifest.xml:78:9-81:52
82            android:name="com.aiosleeve.aiosleeve.fragments.FragmentECG"
82-->src\main\AndroidManifest.xml:79:13-50
83            android:label="@string/activity_signup"
83-->src\main\AndroidManifest.xml:80:13-52
84            android:screenOrientation="portrait" />
84-->src\main\AndroidManifest.xml:81:13-49
85        <activity
85-->src\main\AndroidManifest.xml:82:9-85:52
86            android:name="com.aiosleeve.aiosleeve.fragments.FragmentSleepDetails"
86-->src\main\AndroidManifest.xml:83:13-59
87            android:label="@string/activity_signup"
87-->src\main\AndroidManifest.xml:84:13-52
88            android:screenOrientation="portrait" />
88-->src\main\AndroidManifest.xml:85:13-49
89        <activity
89-->src\main\AndroidManifest.xml:86:9-89:52
90            android:name="com.aiosleeve.aiosleeve.fragments.FragmentECGList"
90-->src\main\AndroidManifest.xml:87:13-54
91            android:label="@string/activity_signup"
91-->src\main\AndroidManifest.xml:88:13-52
92            android:screenOrientation="portrait" />
92-->src\main\AndroidManifest.xml:89:13-49
93        <activity
93-->src\main\AndroidManifest.xml:90:9-94:53
94            android:name="com.aiosleeve.aiosleeve.fragments.FragmentECGDetails"
94-->src\main\AndroidManifest.xml:91:13-57
95            android:label="@string/activity_signup"
95-->src\main\AndroidManifest.xml:92:13-52
96            android:screenOrientation="portrait"
96-->src\main\AndroidManifest.xml:93:13-49
97            android:theme="@style/StatusBarWhite" />
97-->src\main\AndroidManifest.xml:94:13-50
98        <activity
98-->src\main\AndroidManifest.xml:95:9-98:52
99            android:name="com.aiosleeve.aiosleeve.fragments.FragmentBPM"
99-->src\main\AndroidManifest.xml:96:13-50
100            android:label="@string/activity_signup"
100-->src\main\AndroidManifest.xml:97:13-52
101            android:screenOrientation="portrait" />
101-->src\main\AndroidManifest.xml:98:13-49
102        <activity
102-->src\main\AndroidManifest.xml:99:9-102:52
103            android:name="com.aiosleeve.aiosleeve.fragments.FragmentBPMList"
103-->src\main\AndroidManifest.xml:100:13-54
104            android:label="@string/activity_signup"
104-->src\main\AndroidManifest.xml:101:13-52
105            android:screenOrientation="portrait" />
105-->src\main\AndroidManifest.xml:102:13-49
106        <activity
106-->src\main\AndroidManifest.xml:103:9-106:52
107            android:name="com.aiosleeve.aiosleeve.fragments.FragmentBPMDetails"
107-->src\main\AndroidManifest.xml:104:13-57
108            android:label="@string/activity_signup"
108-->src\main\AndroidManifest.xml:105:13-52
109            android:screenOrientation="portrait" />
109-->src\main\AndroidManifest.xml:106:13-49
110        <activity
110-->src\main\AndroidManifest.xml:107:9-112:76
111            android:name="com.aiosleeve.aiosleeve.fragments.FragmentSettings"
111-->src\main\AndroidManifest.xml:108:13-55
112            android:label="@string/activity_signup"
112-->src\main\AndroidManifest.xml:109:13-52
113            android:screenOrientation="portrait"
113-->src\main\AndroidManifest.xml:110:13-49
114            android:theme="@style/StatusBarWhite"
114-->src\main\AndroidManifest.xml:111:13-50
115            android:windowSoftInputMode="stateAlwaysHidden|adjustResize" />
115-->src\main\AndroidManifest.xml:112:13-73
116        <activity
116-->src\main\AndroidManifest.xml:113:9-116:52
117            android:name="com.aiosleeve.aiosleeve.fragments.FragmentSleep"
117-->src\main\AndroidManifest.xml:114:13-52
118            android:label="@string/activity_signup"
118-->src\main\AndroidManifest.xml:115:13-52
119            android:screenOrientation="portrait" />
119-->src\main\AndroidManifest.xml:116:13-49
120        <activity
120-->src\main\AndroidManifest.xml:117:9-120:52
121            android:name="com.aiosleeve.aiosleeve.fragments.FragmentSleepDataList"
121-->src\main\AndroidManifest.xml:118:13-60
122            android:label="@string/activity_signup"
122-->src\main\AndroidManifest.xml:119:13-52
123            android:screenOrientation="portrait" />
123-->src\main\AndroidManifest.xml:120:13-49
124
125        <service android:name="com.aiosleeve.aiosleeve.BPMSyncService" />
125-->src\main\AndroidManifest.xml:122:9-51
125-->src\main\AndroidManifest.xml:122:18-48
126        <service
126-->src\main\AndroidManifest.xml:123:9-125:40
127            android:name="com.aiosleeve.aiosleeve.interfaces.BackgroundService"
127-->src\main\AndroidManifest.xml:124:13-57
128            android:exported="false" />
128-->src\main\AndroidManifest.xml:125:13-37
129
130        <receiver
130-->src\main\AndroidManifest.xml:127:9-132:20
131            android:name="com.aiosleeve.aiosleeve.MainActivity$ServiceReceiver"
131-->src\main\AndroidManifest.xml:127:19-63
132            android:exported="false" >
132-->src\main\AndroidManifest.xml:128:13-37
133            <intent-filter>
133-->src\main\AndroidManifest.xml:129:13-131:29
134                <action android:name="com.aiosleeve.CUSTOM_BROADCAST" />
134-->src\main\AndroidManifest.xml:130:17-73
134-->src\main\AndroidManifest.xml:130:25-70
135            </intent-filter>
136        </receiver>
137
138        <meta-data
138-->src\main\AndroidManifest.xml:134:9-136:72
139            android:name="io.fabric.ApiKey"
139-->src\main\AndroidManifest.xml:135:13-44
140            android:value="fd50ee1c0e8371cf72aa6082fb3e865f93ab10ae" />
140-->src\main\AndroidManifest.xml:136:13-69
141
142        <!-- <receiver android:name=".AlarmReceiver"/> -->
143        <receiver android:name="com.aiosleeve.aiosleeve.AlarmReceiver" />
143-->src\main\AndroidManifest.xml:139:9-50
143-->src\main\AndroidManifest.xml:139:19-48
144        <!-- android:directBootAware="true" -->
145        <!-- android:enabled="true" -->
146        <!-- android:exported="true"> -->
147        <!-- <intent-filter> -->
148        <!-- <action android:name="android.intent.action.BOOT_COMPLETED" /> -->
149        <!-- <action android:name="android.intent.action.LOCKED_BOOT_COMPLETED" /> -->
150        <!-- </intent-filter> -->
151        <!-- </receiver> -->
152
153        <service
153-->[com.google.firebase:firebase-crashlytics:18.2.6] AndroidManifest.xml:15:9-21:19
154            android:name="com.google.firebase.components.ComponentDiscoveryService"
154-->[com.google.firebase:firebase-crashlytics:18.2.6] AndroidManifest.xml:16:13-84
155            android:directBootAware="true"
155-->[com.google.firebase:firebase-common:20.0.0] AndroidManifest.xml:35:13-43
156            android:exported="false" >
156-->[com.google.firebase:firebase-crashlytics:18.2.6] AndroidManifest.xml:17:13-37
157            <meta-data
157-->[com.google.firebase:firebase-crashlytics:18.2.6] AndroidManifest.xml:18:13-20:85
158                android:name="com.google.firebase.components:com.google.firebase.crashlytics.CrashlyticsRegistrar"
158-->[com.google.firebase:firebase-crashlytics:18.2.6] AndroidManifest.xml:19:17-115
159                android:value="com.google.firebase.components.ComponentRegistrar" />
159-->[com.google.firebase:firebase-crashlytics:18.2.6] AndroidManifest.xml:20:17-82
160            <meta-data
160-->[com.google.android.gms:play-services-measurement-api:20.0.2] AndroidManifest.xml:30:13-32:85
161                android:name="com.google.firebase.components:com.google.firebase.analytics.connector.internal.AnalyticsConnectorRegistrar"
161-->[com.google.android.gms:play-services-measurement-api:20.0.2] AndroidManifest.xml:31:17-139
162                android:value="com.google.firebase.components.ComponentRegistrar" />
162-->[com.google.android.gms:play-services-measurement-api:20.0.2] AndroidManifest.xml:32:17-82
163            <meta-data
163-->[com.google.firebase:firebase-installations:17.0.0] AndroidManifest.xml:18:13-20:85
164                android:name="com.google.firebase.components:com.google.firebase.installations.FirebaseInstallationsRegistrar"
164-->[com.google.firebase:firebase-installations:17.0.0] AndroidManifest.xml:19:17-127
165                android:value="com.google.firebase.components.ComponentRegistrar" />
165-->[com.google.firebase:firebase-installations:17.0.0] AndroidManifest.xml:20:17-82
166        </service>
167        <service
167-->[com.google.android.datatransport:transport-backend-cct:3.1.0] AndroidManifest.xml:29:9-35:19
168            android:name="com.google.android.datatransport.runtime.backends.TransportBackendDiscovery"
168-->[com.google.android.datatransport:transport-backend-cct:3.1.0] AndroidManifest.xml:30:13-103
169            android:exported="false" >
169-->[com.google.android.datatransport:transport-backend-cct:3.1.0] AndroidManifest.xml:31:13-37
170            <meta-data
170-->[com.google.android.datatransport:transport-backend-cct:3.1.0] AndroidManifest.xml:32:13-34:39
171                android:name="backend:com.google.android.datatransport.cct.CctBackendFactory"
171-->[com.google.android.datatransport:transport-backend-cct:3.1.0] AndroidManifest.xml:33:17-94
172                android:value="cct" />
172-->[com.google.android.datatransport:transport-backend-cct:3.1.0] AndroidManifest.xml:34:17-36
173        </service>
174        <service
174-->[com.google.android.datatransport:transport-runtime:3.1.0] AndroidManifest.xml:26:9-30:19
175            android:name="com.google.android.datatransport.runtime.scheduling.jobscheduling.JobInfoSchedulerService"
175-->[com.google.android.datatransport:transport-runtime:3.1.0] AndroidManifest.xml:27:13-117
176            android:exported="false"
176-->[com.google.android.datatransport:transport-runtime:3.1.0] AndroidManifest.xml:28:13-37
177            android:permission="android.permission.BIND_JOB_SERVICE" >
177-->[com.google.android.datatransport:transport-runtime:3.1.0] AndroidManifest.xml:29:13-69
178        </service>
179
180        <receiver
180-->[com.google.android.datatransport:transport-runtime:3.1.0] AndroidManifest.xml:32:9-34:40
181            android:name="com.google.android.datatransport.runtime.scheduling.jobscheduling.AlarmManagerSchedulerBroadcastReceiver"
181-->[com.google.android.datatransport:transport-runtime:3.1.0] AndroidManifest.xml:33:13-132
182            android:exported="false" />
182-->[com.google.android.datatransport:transport-runtime:3.1.0] AndroidManifest.xml:34:13-37
183
184        <provider
184-->[com.google.firebase:firebase-common:20.0.0] AndroidManifest.xml:26:9-31:39
185            android:name="com.google.firebase.provider.FirebaseInitProvider"
185-->[com.google.firebase:firebase-common:20.0.0] AndroidManifest.xml:27:13-77
186            android:authorities="com.aiosleeve.aiosleeve.firebaseinitprovider"
186-->[com.google.firebase:firebase-common:20.0.0] AndroidManifest.xml:28:13-72
187            android:directBootAware="true"
187-->[com.google.firebase:firebase-common:20.0.0] AndroidManifest.xml:29:13-43
188            android:exported="false"
188-->[com.google.firebase:firebase-common:20.0.0] AndroidManifest.xml:30:13-37
189            android:initOrder="100" />
189-->[com.google.firebase:firebase-common:20.0.0] AndroidManifest.xml:31:13-36
190
191        <activity
191-->[com.google.android.gms:play-services-base:18.0.0] AndroidManifest.xml:20:9-22:45
192            android:name="com.google.android.gms.common.api.GoogleApiActivity"
192-->[com.google.android.gms:play-services-base:18.0.0] AndroidManifest.xml:20:19-85
193            android:exported="false"
193-->[com.google.android.gms:play-services-base:18.0.0] AndroidManifest.xml:22:19-43
194            android:theme="@android:style/Theme.Translucent.NoTitleBar" />
194-->[com.google.android.gms:play-services-base:18.0.0] AndroidManifest.xml:21:19-78
195
196        <receiver
196-->[com.google.android.gms:play-services-measurement:20.0.2] AndroidManifest.xml:29:9-33:20
197            android:name="com.google.android.gms.measurement.AppMeasurementReceiver"
197-->[com.google.android.gms:play-services-measurement:20.0.2] AndroidManifest.xml:30:13-85
198            android:enabled="true"
198-->[com.google.android.gms:play-services-measurement:20.0.2] AndroidManifest.xml:31:13-35
199            android:exported="false" >
199-->[com.google.android.gms:play-services-measurement:20.0.2] AndroidManifest.xml:32:13-37
200        </receiver>
201
202        <service
202-->[com.google.android.gms:play-services-measurement:20.0.2] AndroidManifest.xml:35:9-38:40
203            android:name="com.google.android.gms.measurement.AppMeasurementService"
203-->[com.google.android.gms:play-services-measurement:20.0.2] AndroidManifest.xml:36:13-84
204            android:enabled="true"
204-->[com.google.android.gms:play-services-measurement:20.0.2] AndroidManifest.xml:37:13-35
205            android:exported="false" />
205-->[com.google.android.gms:play-services-measurement:20.0.2] AndroidManifest.xml:38:13-37
206        <service
206-->[com.google.android.gms:play-services-measurement:20.0.2] AndroidManifest.xml:39:9-43:72
207            android:name="com.google.android.gms.measurement.AppMeasurementJobService"
207-->[com.google.android.gms:play-services-measurement:20.0.2] AndroidManifest.xml:40:13-87
208            android:enabled="true"
208-->[com.google.android.gms:play-services-measurement:20.0.2] AndroidManifest.xml:41:13-35
209            android:exported="false"
209-->[com.google.android.gms:play-services-measurement:20.0.2] AndroidManifest.xml:42:13-37
210            android:permission="android.permission.BIND_JOB_SERVICE" />
210-->[com.google.android.gms:play-services-measurement:20.0.2] AndroidManifest.xml:43:13-69
211
212        <meta-data
212-->[com.google.android.gms:play-services-basement:18.0.0] AndroidManifest.xml:21:9-23:69
213            android:name="com.google.android.gms.version"
213-->[com.google.android.gms:play-services-basement:18.0.0] AndroidManifest.xml:22:13-58
214            android:value="@integer/google_play_services_version" />
214-->[com.google.android.gms:play-services-basement:18.0.0] AndroidManifest.xml:23:13-66
215
216        <provider
216-->[androidx.emoji2:emoji2:1.0.0] AndroidManifest.xml:26:9-34:20
217            android:name="androidx.startup.InitializationProvider"
217-->[androidx.emoji2:emoji2:1.0.0] AndroidManifest.xml:27:13-67
218            android:authorities="com.aiosleeve.aiosleeve.androidx-startup"
218-->[androidx.emoji2:emoji2:1.0.0] AndroidManifest.xml:28:13-68
219            android:exported="false" >
219-->[androidx.emoji2:emoji2:1.0.0] AndroidManifest.xml:29:13-37
220            <meta-data
220-->[androidx.emoji2:emoji2:1.0.0] AndroidManifest.xml:31:13-33:52
221                android:name="androidx.emoji2.text.EmojiCompatInitializer"
221-->[androidx.emoji2:emoji2:1.0.0] AndroidManifest.xml:32:17-75
222                android:value="androidx.startup" />
222-->[androidx.emoji2:emoji2:1.0.0] AndroidManifest.xml:33:17-49
223            <meta-data
223-->[androidx.lifecycle:lifecycle-process:2.4.0] AndroidManifest.xml:31:13-33:52
224                android:name="androidx.lifecycle.ProcessLifecycleInitializer"
224-->[androidx.lifecycle:lifecycle-process:2.4.0] AndroidManifest.xml:32:17-78
225                android:value="androidx.startup" />
225-->[androidx.lifecycle:lifecycle-process:2.4.0] AndroidManifest.xml:33:17-49
226        </provider>
227    </application>
228
229</manifest>